2025-10-27 / 14:28:56: veld_preprocess_sample: start
- preparing --------------------------------------------------------
2025-10-27 14:29:01
in_file: 'data.txt'
buffer_size: '1'
out_file: 'data.txt'
processing: sample
sample_random_seed: '42'
percentage_sample: '1'
- all processing start ----------------------------------------------
- counting texts ----------------------------------------------------
num_texts: 473139818
- sampling texts ----------------------------------------------------
process_id: 0: 1%
process_id: 0: 2%
process_id: 0: 3%
process_id: 0: 4%
process_id: 0: 5%
process_id: 0: 6%
process_id: 0: 7%
process_id: 0: 8%
process_id: 0: 9%
process_id: 0: 10%
process_id: 0: 11%
process_id: 0: 12%
process_id: 0: 13%
process_id: 0: 14%
process_id: 0: 15%
process_id: 0: 16%
process_id: 0: 17%
process_id: 0: 18%
process_id: 0: 19%
process_id: 0: 20%
process_id: 0: 21%
process_id: 0: 22%
process_id: 0: 23%
process_id: 0: 24%
process_id: 0: 25%
process_id: 0: 26%
process_id: 0: 27%
process_id: 0: 28%
process_id: 0: 29%
process_id: 0: 30%
process_id: 0: 31%
process_id: 0: 32%
process_id: 0: 33%
process_id: 0: 34%
process_id: 0: 35%
process_id: 0: 36%
process_id: 0: 37%
process_id: 0: 38%
process_id: 0: 39%
process_id: 0: 40%
process_id: 0: 41%
process_id: 0: 42%
process_id: 0: 43%
process_id: 0: 44%
process_id: 0: 45%
process_id: 0: 46%
process_id: 0: 47%
process_id: 0: 48%
process_id: 0: 49%
process_id: 0: 50%
process_id: 0: 51%
process_id: 0: 52%
process_id: 0: 53%
process_id: 0: 54%
process_id: 0: 55%
process_id: 0: 56%
process_id: 0: 57%
process_id: 0: 58%
process_id: 0: 59%
process_id: 0: 60%
process_id: 0: 61%
process_id: 0: 62%
process_id: 0: 63%
process_id: 0: 64%
process_id: 0: 65%
process_id: 0: 66%
process_id: 0: 67%
process_id: 0: 68%
process_id: 0: 69%
process_id: 0: 70%
process_id: 0: 71%
process_id: 0: 72%
process_id: 0: 73%
process_id: 0: 74%
process_id: 0: 75%
process_id: 0: 76%
process_id: 0: 77%
process_id: 0: 78%
process_id: 0: 79%
process_id: 0: 80%
process_id: 0: 81%
process_id: 0: 82%
process_id: 0: 83%
process_id: 0: 84%
process_id: 0: 85%
process_id: 0: 86%
process_id: 0: 87%
process_id: 0: 88%
process_id: 0: 89%
process_id: 0: 90%
process_id: 0: 91%
process_id: 0: 92%
process_id: 0: 93%
process_id: 0: 94%
process_id: 0: 95%
process_id: 0: 96%
process_id: 0: 97%
process_id: 0: 98%
process_id: 0: 99%
process_id: 0: 100%
- all processing done -----------------------------------------------
2025-10-27 14:33:44
apptainer run --bind ./code/veld_code__nlp_generic_preprocessing/src/:/veld/code/ --bind /scratch-cbe/users/stefan.resch/veld_data__train_infer_wordembeddings_multiple_architectures__amc/203_vert_rftt_inhalt_nodup__uniq__stripped__cleaned__lemmatized__punctuation_removed/:/veld/input/ --bind /scratch-cbe/users/stefan.resch/veld_data__train_infer_wordembeddings_multiple_architectures__amc/203_vert_rftt_inhalt_nodup__uniq__stripped__cleaned__lemmatized__punctuation_removed__sampled_1/:/veld/output/data/ --env in_file='data.txt' --env out_file='data.txt' --env percentage_sample='1' --env sample_random_seed='42' --env buffer_size='1' ./code/veld_code__nlp_generic_preprocessing/veld_preprocess_sample.sif python -u /veld/code/preprocess.py sample
2025-10-27 / 14:33:44: veld_preprocess_sample: end
